<?xml version="1.0" encoding="UTF-8"?>
<!-- Generated by org.testng.reporters.JUnitReportReporter -->
<testsuite hostname="Sarvan-PC" name="com.org.sarvan.baseproj.openWeb" tests="1" failures="0" timestamp="14 Aug 2017 04:43:50 GMT" time="0.094" errors="0">
  <testcase name="Test1" time="0.094" classname="com.org.sarvan.baseproj.openWeb"/>
</testsuite> <!-- com.org.sarvan.baseproj.openWeb -->
